Arguments: 
  /home/siddharthroy/.nvm/versions/node/v14.11.0/bin/node /home/siddharthroy/.nvm/versions/node/v14.11.0/bin/yarn add express socket.io moment

PATH: 
  /home/siddharthroy/.nvm/versions/node/v14.11.0/bin:/home/siddharthroy/.local/bin:/usr/local/bin:/usr/local/sbin:/usr/bin:/usr/lib/jvm/default/bin:/usr/bin/site_perl:/usr/bin/vendor_perl:/usr/bin/core_perl:/var/lib/snapd/snap/bin:/home/siddharthroy/Android/cmdline-tools/tools/bin:/home/siddharthroy/Android/Sdk/emulator:/home/siddharthroy/Android/Sdk/tools:/home/siddharthroy/Android/Sdk/tools/bin:/home/siddharthroy/Android/Sdk/platform-tools

Yarn version: 
  1.22.10

Node version: 
  14.11.0

Platform: 
  linux x64

Trace: 
  Error: connect EHOSTUNREACH 104.16.20.35:443
      at TCPConnectWrap.afterConnect [as oncomplete] (net.js:1145:16)

npm manifest: 
  {
    "name": "litecord",
    "version": "1.0.0",
    "description": "Realtime chat app with rooms",
    "main": "server.js",
    "author": "Siddharth Roy",
    "license": "MIT"
  }

yarn manifest: 
  No manifest

Lockfile: 
  No lockfile
